e:\ebook\linux\ref\highnet\code\ch07\7.5\client\client\debug\client.pch
e:\ebook\linux\ref\highnet\code\ch07\7.5\client\client\debug\vc141.pdb
e:\ebook\linux\ref\highnet\code\ch07\7.5\client\client\debug\vc141.idb
e:\ebook\linux\ref\highnet\code\ch07\7.5\client\client\debug\pch.obj
e:\ebook\linux\ref\highnet\code\ch07\7.5\client\client\debug\client.obj
e:\ebook\linux\ref\highnet\code\ch07\7.6\client\client\debug\client.pch
e:\ebook\linux\ref\highnet\code\ch07\7.6\client\client\debug\vc141.pdb
e:\ebook\linux\ref\highnet\code\ch07\7.6\client\client\debug\vc141.idb
e:\ebook\linux\ref\highnet\code\ch07\7.6\client\client\debug\pch.obj
e:\ebook\linux\ref\highnet\code\ch07\7.6\client\client\debug\client.obj
e:\ebook\linux\ref\highnet\code\ch07\7.5\client\debug\client.exe
e:\ebook\linux\ref\highnet\code\ch07\7.5\client\debug\client.ilk
e:\ebook\linux\ref\highnet\code\ch07\7.5\client\debug\client.pdb
e:\ebook\linux\ref\highnet\code\ch07\7.6\client\debug\client.ilk
e:\ebook\linux\ref\highnet\code\ch07\7.6\client\debug\client.exe
e:\ebook\linux\ref\highnet\code\ch07\7.6\client\debug\client.pdb
e:\ebook\linux\ref\highnet\code\ch07\7.6\client\client\debug\client.tlog\cl.command.1.tlog
e:\ebook\linux\ref\highnet\code\ch07\7.6\client\client\debug\client.tlog\cl.read.1.tlog
e:\ebook\linux\ref\highnet\code\ch07\7.6\client\client\debug\client.tlog\cl.write.1.tlog
e:\ebook\linux\ref\highnet\code\ch07\7.6\client\client\debug\client.tlog\link.command.1.tlog
e:\ebook\linux\ref\highnet\code\ch07\7.6\client\client\debug\client.tlog\link.read.1.tlog
e:\ebook\linux\ref\highnet\code\ch07\7.6\client\client\debug\client.tlog\link.write.1.tlog
