d:\ebook\asp.net\tmp\qstudy\vc\vcrm\vcrmprj增量\10all\10code\10.6\test\client\debug\client.pch
d:\ebook\asp.net\tmp\qstudy\vc\vcrm\vcrmprj增量\10all\10code\10.6\test\client\debug\vc120.pdb
d:\ebook\asp.net\tmp\qstudy\vc\vcrm\vcrmprj增量\10all\10code\10.6\test\client\debug\vc120.idb
d:\ebook\asp.net\tmp\qstudy\vc\vcrm\vcrmprj增量\10all\10code\10.6\test\client\debug\stdafx.obj
d:\ebook\asp.net\tmp\qstudy\vc\vcrm\vcrmprj增量\10all\10code\10.6\test\client\debug\client.obj
d:\ebook\asp.net\tmp\qstudy\vc\vcrm\vcrmprj增量\10all\10code\10.6\test\client\debug\clientdlg.obj
d:\ebook\asp.net\tmp\qstudy\vc\vcrm\vcrmprj增量\10all\10code\10.6\test\client\debug\clientsocket.obj
d:\ebook\asp.net\tmp\qstudy\vc\vcrm\vcrmprj增量\10all\10code\10.6\test\client\debug\dlgchat.obj
f:\mybook（已经备份，不要增减）\vc\vc2013从入门到精通\prj\code\ch10\10.6\test\client\debug\client.pch
f:\mybook（已经备份，不要增减）\vc\vc2013从入门到精通\prj\code\ch10\10.6\test\client\debug\vc140.pdb
f:\mybook（已经备份，不要增减）\vc\vc2013从入门到精通\prj\code\ch10\10.6\test\client\debug\vc140.idb
f:\mybook（已经备份，不要增减）\vc\vc2013从入门到精通\prj\code\ch10\10.6\test\client\debug\stdafx.obj
f:\mybook（已经备份，不要增减）\vc\vc2013从入门到精通\prj\code\ch10\10.6\test\client\debug\client.obj
f:\mybook（已经备份，不要增减）\vc\vc2013从入门到精通\prj\code\ch10\10.6\test\client\debug\clientdlg.obj
f:\mybook（已经备份，不要增减）\vc\vc2013从入门到精通\prj\code\ch10\10.6\test\client\debug\clientsocket.obj
f:\mybook（已经备份，不要增减）\vc\vc2013从入门到精通\prj\code\ch10\10.6\test\client\debug\dlgchat.obj
d:\ebook\asp.net\tmp\qstudy\vc\vcrm\vcrmprj增量\10all\10code\10.6\test\debug\client.ilk
d:\ebook\asp.net\tmp\qstudy\vc\vcrm\vcrmprj增量\10all\10code\10.6\test\debug\client.exe
d:\ebook\asp.net\tmp\qstudy\vc\vcrm\vcrmprj增量\10all\10code\10.6\test\debug\client.pdb
f:\mybook（已经备份，不要增减）\vc\vc2013从入门到精通\prj\code\ch10\10.6\test\debug\client.ilk
f:\mybook（已经备份，不要增减）\vc\vc2013从入门到精通\prj\code\ch10\10.6\test\debug\client.exe
f:\mybook（已经备份，不要增减）\vc\vc2013从入门到精通\prj\code\ch10\10.6\test\debug\client.pdb
d:\ebook\asp.net\tmp\qstudy\vc\vcrm\vcrmprj增量\10all\10code\10.6\test\client\debug\client.res
f:\mybook（已经备份，不要增减）\vc\vc2013从入门到精通\prj\code\ch10\10.6\test\client\debug\client.res
e:\vc网络编程\prj\code\08\8.2\test\client\debug\client.res
e:\vc网络编程\prj\code\08\8.2\test\client\debug\vc140.idb
e:\vc网络编程\prj\code\08\8.2\test\debug\client.exe
e:\vc网络编程\prj\code\08\8.2\test\client\debug\client.tlog\cl.command.1.tlog
e:\vc网络编程\prj\code\08\8.2\test\client\debug\client.tlog\cl.read.1.tlog
e:\vc网络编程\prj\code\08\8.2\test\client\debug\client.tlog\cl.write.1.tlog
e:\vc网络编程\prj\code\08\8.2\test\client\debug\client.tlog\link.command.1.tlog
e:\vc网络编程\prj\code\08\8.2\test\client\debug\client.tlog\link.read.1.tlog
e:\vc网络编程\prj\code\08\8.2\test\client\debug\client.tlog\link.write.1.tlog
e:\vc网络编程\prj\code\08\8.2\test\client\debug\client.tlog\rc.command.1.tlog
e:\vc网络编程\prj\code\08\8.2\test\client\debug\client.tlog\rc.read.1.tlog
e:\vc网络编程\prj\code\08\8.2\test\client\debug\client.tlog\rc.write.1.tlog
