e:\ebook\linux\ref\cserver\code\12\five\debug\five.pch
e:\ebook\linux\ref\cserver\code\12\five\debug\vc141.pdb
e:\ebook\linux\ref\cserver\code\12\five\debug\vc141.idb
e:\ebook\linux\ref\cserver\code\12\five\debug\stdafx.obj
e:\ebook\linux\ref\cserver\code\12\five\debug\aboutdlg.obj
e:\ebook\linux\ref\cserver\code\12\five\debug\cdlglogin.obj
e:\ebook\linux\ref\cserver\code\12\five\debug\cdlgroom.obj
e:\ebook\linux\ref\cserver\code\12\five\debug\clientdlg.obj
e:\ebook\linux\ref\cserver\code\12\five\debug\clientsocket.obj
e:\ebook\linux\ref\cserver\code\12\five\debug\five.obj
e:\ebook\linux\ref\cserver\code\12\five\debug\fivedlg.obj
e:\ebook\linux\ref\cserver\code\12\five\debug\fivesocket.obj
e:\ebook\linux\ref\cserver\code\12\five\debug\game.obj
e:\ebook\linux\ref\cserver\code\12\five\debug\serverdlg.obj
e:\ebook\linux\ref\cserver\code\12\five\debug\table.obj
e:\ebook\linux\ref\cserver\code\12\five\debug\five.ilk
e:\ebook\linux\ref\cserver\code\12\five\debug\five.exe
e:\ebook\linux\ref\cserver\code\12\five\debug\five.pdb
e:\ebook\linux\ref\cserver\code\12\five\debug\five.res
e:\ebook\linux\ref\cserver\code\12\five\.\debug\five.exe
e:\ebook\linux\ref\cserver\code\12\five\debug\five.tlog\cl.command.1.tlog
e:\ebook\linux\ref\cserver\code\12\five\debug\five.tlog\cl.read.1.tlog
e:\ebook\linux\ref\cserver\code\12\five\debug\five.tlog\cl.write.1.tlog
e:\ebook\linux\ref\cserver\code\12\five\debug\five.tlog\link.command.1.tlog
e:\ebook\linux\ref\cserver\code\12\five\debug\five.tlog\link.read.1.tlog
e:\ebook\linux\ref\cserver\code\12\five\debug\five.tlog\link.write.1.tlog
e:\ebook\linux\ref\cserver\code\12\five\debug\five.tlog\rc.command.1.tlog
e:\ebook\linux\ref\cserver\code\12\five\debug\five.tlog\rc.read.1.tlog
e:\ebook\linux\ref\cserver\code\12\five\debug\five.tlog\rc.write.1.tlog
