cl : 命令行 warning D9035: “Gm”选项已否决，并将在将来的版本中移除
  ClientDlg.cpp
  正在生成代码...
  正在编译...
  Table.cpp
  ServerDlg.cpp
e:\ebook\linux\ref\cserver\code\12\five\serverdlg.cpp(63): warning C4996: 'gethostbyname': Use getaddrinfo() or GetAddrInfoW() instead or define _WINSOCK_DEPRECATED_NO_WARNINGS to disable deprecated API warnings
  c:\program files (x86)\windows kits\10\include\10.0.17763.0\um\winsock2.h(2219): note: 参见“gethostbyname”的声明
e:\ebook\linux\ref\cserver\code\12\five\serverdlg.cpp(66): warning C4996: 'inet_ntoa': Use inet_ntop() or InetNtop() instead or define _WINSOCK_DEPRECATED_NO_WARNINGS to disable deprecated API warnings
  c:\program files (x86)\windows kits\10\include\10.0.17763.0\um\winsock2.h(1849): note: 参见“inet_ntoa”的声明
  Game.cpp
  FiveSocket.cpp
  FiveDlg.cpp
  Five.cpp
e:\ebook\linux\ref\cserver\code\12\five\five.cpp(58): warning C4996: 'CWinApp::Enable3dControls': CWinApp::Enable3dControls is no longer needed. You should remove this call.
  c:\program files (x86)\microsoft visual studio\2017\enterprise\vc\tools\msvc\14.16.27023\atlmfc\include\afxwin.h(5229): note: 参见“CWinApp::Enable3dControls”的声明
e:\ebook\linux\ref\cserver\code\12\five\five.cpp(71): warning C4996: 'gethostbyname': Use getaddrinfo() or GetAddrInfoW() instead or define _WINSOCK_DEPRECATED_NO_WARNINGS to disable deprecated API warnings
  c:\program files (x86)\windows kits\10\include\10.0.17763.0\um\winsock2.h(2219): note: 参见“gethostbyname”的声明
e:\ebook\linux\ref\cserver\code\12\five\five.cpp(74): warning C4996: 'strcpy': This function or variable may be unsafe. Consider using strcpy_s instead. To disable deprecation, use _CRT_SECURE_NO_WARNINGS. See online help for details.
  c:\program files (x86)\windows kits\10\include\10.0.17763.0\ucrt\string.h(133): note: 参见“strcpy”的声明
  正在生成代码...
  Five.vcxproj -> E:\ebook\linux\ref\cServer\code\12\Five\.\Debug\Five.exe
